# JRE version: OpenJDK Runtime Environment (10.0.1+10) (build 10.0.1+10-Ubuntu-3ubuntu1)
# Java VM: OpenJDK 64-Bit Server VM (10.0.1+10-Ubuntu-3ubuntu1, mixed mode, tiered, compressed oops, g1 gc, linux-amd64)
Heap:
 garbage-first heap   total 36864K, used 12227K [0x00000000e3800000, 0x0000000100000000)
  region size 1024K, 4 young (4096K), 2 survivors (2048K)
 Metaspace       used 33914K, capacity 34492K, committed 34816K, reserved 1081344K
  class space    used 3434K, capacity 3757K, committed 3840K, reserved 1048576K
GC Heap History (10 events):
Event: 4,452 GC heap before
{Heap before GC invocations=5 (full 0):
 garbage-first heap   total 30720K, used 14075K [0x00000000e3800000, 0x0000000100000000)
  region size 1024K, 8 young (8192K), 1 survivors (1024K)
 Metaspace       used 25032K, capacity 25610K, committed 25984K, reserved 1073152K
  class space    used 2627K, capacity 2941K, committed 2944K, reserved 1048576K
}
Event: 4,466 GC heap after
{Heap after GC invocations=6 (full 0):
 garbage-first heap   total 36864K, used 8733K [0x00000000e3800000, 0x0000000100000000)
  region size 1024K, 1 young (1024K), 1 survivors (1024K)
 Metaspace       used 25032K, capacity 25610K, committed 25984K, reserved 1073152K
  class space    used 2627K, capacity 2941K, committed 2944K, reserved 1048576K
}
Event: 5,203 GC heap before
{Heap before GC invocations=6 (full 0):
 garbage-first heap   total 36864K, used 17949K [0x00000000e3800000, 0x0000000100000000)
  region size 1024K, 10 young (10240K), 1 survivors (1024K)
 Metaspace       used 28326K, capacity 28917K, committed 29440K, reserved 1075200K
  class space    used 2906K, capacity 3206K, committed 3328K, reserved 1048576K
}
Event: 5,213 GC heap after
{Heap after GC invocations=7 (full 0):
 garbage-first heap   total 36864K, used 9434K [0x00000000e3800000, 0x0000000100000000)
  region size 1024K, 2 young (2048K), 2 survivors (2048K)
 Metaspace       used 28326K, capacity 28917K, committed 29440K, reserved 1075200K
  class space    used 2906K, capacity 3206K, committed 3328K, reserved 1048576K
}
Event: 5,876 GC heap before
{Heap before GC invocations=7 (full 0):
 garbage-first heap   total 36864K, used 19674K [0x00000000e3800000, 0x0000000100000000)
  region size 1024K, 12 young (12288K), 2 survivors (2048K)
 Metaspace       used 31592K, capacity 32250K, committed 32512K, reserved 1079296K
  class space    used 3246K, capacity 3565K, committed 3584K, reserved 1048576K
}
Event: 5,883 GC heap after
{Heap after GC invocations=8 (full 0):
 garbage-first heap   total 36864K, used 10037K [0x00000000e3800000, 0x0000000100000000)
  region size 1024K, 2 young (2048K), 2 survivors (2048K)
 Metaspace       used 31592K, capacity 32250K, committed 32512K, reserved 1079296K
  class space    used 3246K, capacity 3565K, committed 3584K, reserved 1048576K
}
Event: 6,324 GC heap before
{Heap before GC invocations=8 (full 0):
 garbage-first heap   total 36864K, used 28469K [0x00000000e3800000, 0x0000000100000000)
  region size 1024K, 12 young (12288K), 2 survivors (2048K)
 Metaspace       used 32531K, capacity 33116K, committed 33408K, reserved 1079296K
  class space    used 3351K, capacity 3661K, committed 3712K, reserved 1048576K
}
Event: 6,331 GC heap after
{Heap after GC invocations=9 (full 0):
 garbage-first heap   total 36864K, used 15151K [0x00000000e3800000, 0x0000000100000000)
  region size 1024K, 2 young (2048K), 2 survivors (2048K)
 Metaspace       used 32531K, capacity 33116K, committed 33408K, reserved 1079296K
  class space    used 3351K, capacity 3661K, committed 3712K, reserved 1048576K
}
Event: 11,772 GC heap before
{Heap before GC invocations=9 (full 0):
 garbage-first heap   total 36864K, used 25391K [0x00000000e3800000, 0x0000000100000000)
  region size 1024K, 11 young (11264K), 2 survivors (2048K)
 Metaspace       used 33817K, capacity 34428K, committed 34816K, reserved 1081344K
  class space    used 3429K, capacity 3757K, committed 3840K, reserved 1048576K
}
Event: 11,780 GC heap after
{Heap after GC invocations=10 (full 0):
 garbage-first heap   total 36864K, used 11203K [0x00000000e3800000, 0x0000000100000000)
  region size 1024K, 2 young (2048K), 2 survivors (2048K)
 Metaspace       used 33817K, capacity 34428K, committed 34816K, reserved 1081344K
  class space    used 3429K, capacity 3757K, committed 3840K, reserved 1048576K
}

